<?xml version="1.0" encoding="UTF-8"?>
<testng-results ignored="0" total="1" passed="1" failed="0" skipped="0">
  <reporter-output>
  </reporter-output>
  <suite started-at="2024-09-12T15:21:05 IST" name="Suite" finished-at="2024-09-12T15:21:24 IST" duration-ms="18793">
    <groups>
    </groups>
    <test started-at="2024-09-12T15:21:05 IST" name="Test" finished-at="2024-09-12T15:21:24 IST" duration-ms="18793">
      <class name="testCases.TC_002_LoginTest">
        <test-method is-config="true" signature="setup(java.lang.String,java.lang.String)[pri:0, instance:testCases.TC_002_LoginTest@750e2b97]" started-at="2024-09-12T15:21:05 IST" name="setup" finished-at="2024-09-12T15:21:22 IST" duration-ms="17374" status="PASS">
          <params>
            <param index="0">
              <value>
                <![CDATA[windows]]>
              </value>
            </param>
            <param index="1">
              <value>
                <![CDATA[chrome]]>
              </value>
            </param>
          </params>
          <reporter-output>
          </reporter-output>
        </test-method> <!-- setup -->
        <test-method signature="verify_login()[pri:0, instance:testCases.TC_002_LoginTest@750e2b97]" started-at="2024-09-12T15:21:22 IST" name="verify_login" finished-at="2024-09-12T15:21:24 IST" duration-ms="1125" status="PASS">
          <reporter-output>
          </reporter-output>
        </test-method> <!-- verify_login -->
        <test-method is-config="true" signature="teardown()[pri:0, instance:testCases.TC_002_LoginTest@750e2b97]" started-at="2024-09-12T15:21:24 IST" name="teardown" finished-at="2024-09-12T15:21:24 IST" duration-ms="258" status="PASS">
          <reporter-output>
          </reporter-output>
        </test-method> <!-- teardown -->
      </class> <!-- testCases.TC_002_LoginTest -->
    </test> <!-- Test -->
  </suite> <!-- Suite -->
</testng-results>
